<?xml version="1.0" encoding="UTF-8"?>
<testng-results ignored="0" total="2" passed="2" failed="0" skipped="0">
  <reporter-output>
  </reporter-output>
  <suite started-at="2023-09-08T16:47:27 IST" name="Default suite" finished-at="2023-09-08T16:47:27 IST" duration-ms="92">
    <groups>
    </groups>
    <test started-at="2023-09-08T16:47:27 IST" name="Default test" finished-at="2023-09-08T16:47:27 IST" duration-ms="92">
      <class name="TestNGExamples.Exp_tesngB">
        <test-method is-config="true" signature="login()[pri:0, instance:TestNGExamples.Exp_tesngB@3b0fe47a]" started-at="2023-09-08T16:47:27 IST" name="login" finished-at="2023-09-08T16:47:27 IST" duration-ms="17" status="PASS">
          <reporter-output>
          </reporter-output>
        </test-method> <!-- login -->
        <test-method signature="addemp()[pri:1, instance:TestNGExamples.Exp_tesngB@3b0fe47a]" started-at="2023-09-08T16:47:27 IST" name="addemp" finished-at="2023-09-08T16:47:27 IST" duration-ms="9" status="PASS">
          <reporter-output>
          </reporter-output>
        </test-method> <!-- addemp -->
        <test-method signature="deleteemp()[pri:2, instance:TestNGExamples.Exp_tesngB@3b0fe47a]" started-at="2023-09-08T16:47:27 IST" name="deleteemp" finished-at="2023-09-08T16:47:27 IST" duration-ms="3" status="PASS">
          <reporter-output>
          </reporter-output>
        </test-method> <!-- deleteemp -->
        <test-method is-config="true" signature="logout()[pri:0, instance:TestNGExamples.Exp_tesngB@3b0fe47a]" started-at="2023-09-08T16:47:27 IST" name="logout" finished-at="2023-09-08T16:47:27 IST" duration-ms="1" status="PASS">
          <reporter-output>
          </reporter-output>
        </test-method> <!-- logout -->
      </class> <!-- TestNGExamples.Exp_tesngB -->
    </test> <!-- Default test -->
  </suite> <!-- Default suite -->
</testng-results>
